<?xml version="1.0" encoding="utf-8"?><testsuites name="pytest tests"><testsuite name="pytest" errors="0" failures="0" skipped="0" tests="19" time="12.145" timestamp="2026-09-10T00:36:30.657100+00:00" hostname="agent-env-8bbcfc26-62ab-4fb1-8afa-82a12b29ca7d"><testcase classname="tests.test_iteration2.TestSupplierLogin" name="test_supplier_login_role_and_shop" time="0.498" /><testcase classname="tests.test_iteration2.TestSupplierStats" name="test_stats_shape" time="0.090" /><testcase classname="tests.test_iteration2.TestSupplierStats" name="test_stats_buyer_forbidden" time="0.392" /><testcase classname="tests.test_iteration2.TestSupplierProducts" name="test_create_product" time="0.082" /><testcase classname="tests.test_iteration2.TestSupplierProducts" name="test_promo_price_validation" time="0.102" /><testcase classname="tests.test_iteration2.TestSupplierProducts" name="test_images_empty_validation" time="0.082" /><testcase classname="tests.test_iteration2.TestSupplierProducts" name="test_update_product" time="0.092" /><testcase classname="tests.test_iteration2.TestSupplierProducts" name="test_delete_product" time="0.178" /><testcase classname="tests.test_iteration2.TestSupplierOrders" name="test_list_orders" time="0.086" /><testcase classname="tests.test_iteration2.TestSupplierOrders" name="test_invalid_status" time="0.086" /><testcase classname="tests.test_iteration2.TestUploads" name="test_upload_png" time="0.740" /><testcase classname="tests.test_iteration2.TestUploads" name="test_upload_reject_non_image" time="0.175" /><testcase classname="tests.test_iteration2.TestMobileMoney" name="test_payments_config" time="0.087" /><testcase classname="tests.test_iteration2.TestMobileMoney" name="test_init_empty_cart" time="0.176" /><testcase classname="tests.test_iteration2.TestMobileMoney" name="test_init_invalid_operator" time="0.095" /><testcase classname="tests.test_iteration2.TestMobileMoney" name="test_full_flow_simulation_paid" time="8.207" /><testcase classname="tests.test_iteration2.TestReco" name="test_reco_empty_new_user" time="0.403" /><testcase classname="tests.test_iteration2.TestReco" name="test_track_view_then_reco" time="0.428" /><testcase classname="tests.test_iteration2.TestProductsSupplierFields" name="test_products_have_supplier_fields" time="0.086" /></testsuite></testsuites>