<?xml version="1.0" encoding="utf-8"?><testsuites name="pytest tests"><testsuite name="pytest" errors="0" failures="1" skipped="0" tests="12" time="15.478" timestamp="2026-09-10T14:23:28.072979+00:00" hostname="agent-env-8bbcfc26-62ab-4fb1-8afa-82a12b29ca7d"><testcase classname="tests.test_iteration3.TestOrderTracking" name="test_list_orders_all_have_statusHistory" time="0.737" /><testcase classname="tests.test_iteration3.TestOrderTracking" name="test_order_detail_has_statusHistory_and_myReviews" time="0.319" /><testcase classname="tests.test_iteration3.TestOrderTracking" name="test_other_user_order_returns_404" time="0.697" /><testcase classname="tests.test_iteration3.TestReviews" name="test_create_review_on_delivered_order" time="1.424" /><testcase classname="tests.test_iteration3.TestReviews" name="test_review_on_non_delivered_order_returns_400" time="0.307" /><testcase classname="tests.test_iteration3.TestReviews" name="test_review_productId_not_in_order" time="0.391" /><testcase classname="tests.test_iteration3.TestReviews" name="test_review_rating_out_of_range_returns_422" time="0.276" /><testcase classname="tests.test_iteration3.TestSupplierAlerts" name="test_supplier_alerts_contains_wax_pointe_noire" time="0.487" /><testcase classname="tests.test_iteration3.TestSupplierAlerts" name="test_alerts_forbidden_for_buyer" time="0.224" /><testcase classname="tests.test_iteration3.TestSupplierStatusPropagation" name="test_shipped_status_reflects_in_buyer_history" time="0.575"><failure message="requests.exceptions.ConnectionError: ('Connection aborted.', ConnectionResetError(104, 'Connection reset by peer'))">/root/.venv/lib/python3.11/site-packages/urllib3/connectionpool.py:788: in urlopen
    response = self._make_request(
/root/.venv/lib/python3.11/site-packages/urllib3/connectionpool.py:488: in _make_request
    raise new_e
/root/.venv/lib/python3.11/site-packages/urllib3/connectionpool.py:464: in _make_request
    self._validate_conn(conn)
/root/.venv/lib/python3.11/site-packages/urllib3/connectionpool.py:1106: in _validate_conn
    conn.connect()
/root/.venv/lib/python3.11/site-packages/urllib3/connection.py:796: in connect
    sock_and_verified = _ssl_wrap_socket_and_match_hostname(
/root/.venv/lib/python3.11/site-packages/urllib3/connection.py:975: in _ssl_wrap_socket_and_match_hostname
    ssl_sock = ssl_wrap_socket(
/root/.venv/lib/python3.11/site-packages/urllib3/util/ssl_.py:433: in ssl_wrap_socket
    ssl_sock = _ssl_wrap_socket_impl(sock, context, tls_in_tls, server_hostname)
               ^^^^^^^^^^^^^^^^^^^^^^^^^^^^^^^^^^^^^^^^^^^^^^^^^^^^^^^^^^^^^^^^^
/root/.venv/lib/python3.11/site-packages/urllib3/util/ssl_.py:477: in _ssl_wrap_socket_impl
    return ssl_context.wrap_socket(sock, server_hostname=server_hostname)
           ^^^^^^^^^^^^^^^^^^^^^^^^^^^^^^^^^^^^^^^^^^^^^^^^^^^^^^^^^^^^^^
/usr/local/lib/python3.11/ssl.py:517: in wrap_socket
    return self.sslsocket_class._create(
/usr/local/lib/python3.11/ssl.py:1104: in _create
    self.do_handshake()
/usr/local/lib/python3.11/ssl.py:1382: in do_handshake
    self._sslobj.do_handshake()
E   ConnectionResetError: [Errno 104] Connection reset by peer

During handling of the above exception, another exception occurred:
/root/.venv/lib/python3.11/site-packages/requests/adapters.py:696: in send
    resp = conn.urlopen(
/root/.venv/lib/python3.11/site-packages/urllib3/connectionpool.py:842: in urlopen
    retries = retries.increment(
/root/.venv/lib/python3.11/site-packages/urllib3/util/retry.py:498: in increment
    raise reraise(type(error), error, _stacktrace)
          ^^^^^^^^^^^^^^^^^^^^^^^^^^^^^^^^^^^^^^^^
/root/.venv/lib/python3.11/site-packages/urllib3/util/util.py:38: in reraise
    raise value.with_traceback(tb)
/root/.venv/lib/python3.11/site-packages/urllib3/connectionpool.py:788: in urlopen
    response = self._make_request(
/root/.venv/lib/python3.11/site-packages/urllib3/connectionpool.py:488: in _make_request
    raise new_e
/root/.venv/lib/python3.11/site-packages/urllib3/connectionpool.py:464: in _make_request
    self._validate_conn(conn)
/root/.venv/lib/python3.11/site-packages/urllib3/connectionpool.py:1106: in _validate_conn
    conn.connect()
/root/.venv/lib/python3.11/site-packages/urllib3/connection.py:796: in connect
    sock_and_verified = _ssl_wrap_socket_and_match_hostname(
/root/.venv/lib/python3.11/site-packages/urllib3/connection.py:975: in _ssl_wrap_socket_and_match_hostname
    ssl_sock = ssl_wrap_socket(
/root/.venv/lib/python3.11/site-packages/urllib3/util/ssl_.py:433: in ssl_wrap_socket
    ssl_sock = _ssl_wrap_socket_impl(sock, context, tls_in_tls, server_hostname)
               ^^^^^^^^^^^^^^^^^^^^^^^^^^^^^^^^^^^^^^^^^^^^^^^^^^^^^^^^^^^^^^^^^
/root/.venv/lib/python3.11/site-packages/urllib3/util/ssl_.py:477: in _ssl_wrap_socket_impl
    return ssl_context.wrap_socket(sock, server_hostname=server_hostname)
           ^^^^^^^^^^^^^^^^^^^^^^^^^^^^^^^^^^^^^^^^^^^^^^^^^^^^^^^^^^^^^^
/usr/local/lib/python3.11/ssl.py:517: in wrap_socket
    return self.sslsocket_class._create(
/usr/local/lib/python3.11/ssl.py:1104: in _create
    self.do_handshake()
/usr/local/lib/python3.11/ssl.py:1382: in do_handshake
    self._sslobj.do_handshake()
E   urllib3.exceptions.ProtocolError: ('Connection aborted.', ConnectionResetError(104, 'Connection reset by peer'))

During handling of the above exception, another exception occurred:
backend/tests/test_iteration3.py:198: in test_shipped_status_reflects_in_buyer_history
    requests.patch(f"{BASE_URL}/api/supplier/orders/{oid}/status",
/root/.venv/lib/python3.11/site-packages/requests/api.py:168: in patch
    return request("patch", url, data=data, **kwargs)
           ^^^^^^^^^^^^^^^^^^^^^^^^^^^^^^^^^^^^^^^^^^
/root/.venv/lib/python3.11/site-packages/requests/api.py:71: in request
    return session.request(method=method, url=url, **kwargs)
           ^^^^^^^^^^^^^^^^^^^^^^^^^^^^^^^^^^^^^^^^^^^^^^^^^
/root/.venv/lib/python3.11/site-packages/requests/sessions.py:651: in request
    resp = self.send(prep, **send_kwargs)
           ^^^^^^^^^^^^^^^^^^^^^^^^^^^^^^
/root/.venv/lib/python3.11/site-packages/requests/sessions.py:784: in send
    r = adapter.send(request, **kwargs)
        ^^^^^^^^^^^^^^^^^^^^^^^^^^^^^^^
/root/.venv/lib/python3.11/site-packages/requests/adapters.py:711: in send
    raise ConnectionError(err, request=request)
E   requests.exceptions.ConnectionError: ('Connection aborted.', ConnectionResetError(104, 'Connection reset by peer'))</failure></testcase><testcase classname="tests.test_iteration3.TestStockDecrement" name="test_stock_decrements_on_card_order" time="1.468" /><testcase classname="tests.test_iteration3.TestStockDecrement" name="test_stock_decrements_on_mobile_money_paid" time="8.400" /></testsuite></testsuites>