<?xml version="1.0" encoding="utf-8"?><testsuites name="pytest tests"><testsuite name="pytest" errors="0" failures="0" skipped="0" tests="24" time="5.122" timestamp="2026-09-10T00:08:02.209881+00:00" hostname="agent-env-8bbcfc26-62ab-4fb1-8afa-82a12b29ca7d"><testcase classname="tests.test_pagnemarket_api" name="test_root_health" time="0.223" /><testcase classname="tests.test_pagnemarket_api.TestAuth" name="test_login_demo" time="0.303" /><testcase classname="tests.test_pagnemarket_api.TestAuth" name="test_login_invalid" time="0.301" /><testcase classname="tests.test_pagnemarket_api.TestAuth" name="test_me" time="0.084" /><testcase classname="tests.test_pagnemarket_api.TestAuth" name="test_me_unauthorized" time="0.162" /><testcase classname="tests.test_pagnemarket_api.TestAuth" name="test_register_new_user" time="0.301" /><testcase classname="tests.test_pagnemarket_api.TestAuth" name="test_register_duplicate" time="0.077" /><testcase classname="tests.test_pagnemarket_api.TestCatalog" name="test_categories" time="0.084" /><testcase classname="tests.test_pagnemarket_api.TestCatalog" name="test_products_list" time="0.082" /><testcase classname="tests.test_pagnemarket_api.TestCatalog" name="test_products_filter_category" time="0.079" /><testcase classname="tests.test_pagnemarket_api.TestCatalog" name="test_products_search" time="0.083" /><testcase classname="tests.test_pagnemarket_api.TestCatalog" name="test_products_sort" time="0.092" /><testcase classname="tests.test_pagnemarket_api.TestCatalog" name="test_products_trending" time="0.102" /><testcase classname="tests.test_pagnemarket_api.TestCatalog" name="test_product_detail" time="0.168" /><testcase classname="tests.test_pagnemarket_api.TestCatalog" name="test_product_detail_not_found" time="0.078" /><testcase classname="tests.test_pagnemarket_api.TestCatalog" name="test_creators_list" time="0.076" /><testcase classname="tests.test_pagnemarket_api.TestCatalog" name="test_creator_detail" time="0.085" /><testcase classname="tests.test_pagnemarket_api.TestCatalog" name="test_models_list" time="0.082" /><testcase classname="tests.test_pagnemarket_api.TestCatalog" name="test_models_filter_category" time="0.078" /><testcase classname="tests.test_pagnemarket_api.TestCart" name="test_cart_full_flow" time="1.049" /><testcase classname="tests.test_pagnemarket_api.TestFavorites" name="test_favorites_toggle" time="0.503" /><testcase classname="tests.test_pagnemarket_api.TestOrders" name="test_create_order_clears_cart" time="0.476" /><testcase classname="tests.test_pagnemarket_api.TestOrders" name="test_create_order_empty_cart" time="0.155" /><testcase classname="tests.test_pagnemarket_api.TestMessages" name="test_messaging_flow" time="0.373" /></testsuite></testsuites>